<?xml version="1.0" encoding="UTF-8"?>
<!-- Generated by org.testng.reporters.JUnitReportReporter -->
<testsuite skipped="0" hostname="DESKTOP-CTRJ7QU" name="organizationtest.CreateOrganizationTest" tests="1" failures="0" timestamp="2022-03-24T12:07:02 IST" time="0.011" errors="0">
  <testcase name="createOrg" time="0.011" classname="organizationtest.CreateOrganizationTest"/>
  <system-out/>
</testsuite> <!-- organizationtest.CreateOrganizationTest -->
